[debug] [2021-04-07T12:22:51.130Z] ----------------------------------------------------------------------
[debug] [2021-04-07T12:22:51.131Z] Command:       C:\Program Files\nodejs\node.exe C:\Users\simeon.ramjit\AppData\Roaming\npm\node_modules\firebase-tools\lib\bin\firebase.js emulators:exec --only firestore npm run test-firestore
[debug] [2021-04-07T12:22:51.132Z] CLI Version:   9.9.0
[debug] [2021-04-07T12:22:51.132Z] Platform:      win32
[debug] [2021-04-07T12:22:51.132Z] Node Version:  v14.16.0
[debug] [2021-04-07T12:22:51.132Z] Time:          Wed Apr 07 2021 08:22:51 GMT-0400 (Atlantic Standard Time)
[debug] [2021-04-07T12:22:51.133Z] ----------------------------------------------------------------------
[debug] 
[debug] [2021-04-07T12:22:51.140Z] > command requires scopes: ["email","openid","https://www.googleapis.com/auth/cloudplatformprojects.readonly","https://www.googleapis.com/auth/firebase","https://www.googleapis.com/auth/cloud-platform"]
[debug] [2021-04-07T12:22:51.140Z] > authorizing via signed-in user (developer.polymer@gmail.com)
[info] i  emulators: Starting emulators: firestore {"metadata":{"emulator":{"name":"hub"},"message":"Starting emulators: firestore"}}
[debug] [2021-04-07T12:22:51.161Z] [hub] writing locator at C:\Users\SIMEON~1.RAM\AppData\Local\Temp\hub-quickstart-js-simeon-860cc.json
[debug] [2021-04-07T12:22:51.189Z] Ignoring unsupported arg: projectId {"metadata":{"emulator":{"name":"firestore"},"message":"Ignoring unsupported arg: projectId"}}
[debug] [2021-04-07T12:22:51.190Z] Ignoring unsupported arg: auto_download {"metadata":{"emulator":{"name":"firestore"},"message":"Ignoring unsupported arg: auto_download"}}
[debug] [2021-04-07T12:22:51.190Z] Starting Firestore Emulator with command {"binary":"java","args":["-Dgoogle.cloud_firestore.debug_log_level=FINE","-Duser.language=en","-jar","C:\\Users\\simeon.ramjit\\.cache\\firebase\\emulators\\cloud-firestore-emulator-v1.11.14.jar","--host","localhost","--port",8081,"--rules","C:\\Users\\simeon.ramjit\\Documents\\projects\\quickstart-testing\\unit-test-security-rules\\firestore.rules"],"optionalArgs":["port","webchannel_port","host","rules","functions_emulator","seed_from_export"],"joinArgs":false} {"metadata":{"emulator":{"name":"firestore"},"message":"Starting Firestore Emulator with command {\"binary\":\"java\",\"args\":[\"-Dgoogle.cloud_firestore.debug_log_level=FINE\",\"-Duser.language=en\",\"-jar\",\"C:\\\\Users\\\\simeon.ramjit\\\\.cache\\\\firebase\\\\emulators\\\\cloud-firestore-emulator-v1.11.14.jar\",\"--host\",\"localhost\",\"--port\",8081,\"--rules\",\"C:\\\\Users\\\\simeon.ramjit\\\\Documents\\\\projects\\\\quickstart-testing\\\\unit-test-security-rules\\\\firestore.rules\"],\"optionalArgs\":[\"port\",\"webchannel_port\",\"host\",\"rules\",\"functions_emulator\",\"seed_from_export\"],\"joinArgs\":false}"}}
[info] i  firestore: Firestore Emulator logging to firestore-debug.log {"metadata":{"emulator":{"name":"firestore"},"message":"Firestore Emulator logging to \u001b[1mfirestore-debug.log\u001b[22m"}}
[debug] [2021-04-07T12:22:53.077Z] Apr 07, 2021 8:22:53 AM com.google.cloud.datastore.emulator.firestore.websocket.WebSocketServer start
INFO: Started WebSocket server on ws://localhost:49200
 {"metadata":{"emulator":{"name":"firestore"},"message":"Apr 07, 2021 8:22:53 AM com.google.cloud.datastore.emulator.firestore.websocket.WebSocketServer start\r\nINFO: Started WebSocket server on ws://localhost:49200\r\n"}}
[debug] [2021-04-07T12:22:53.138Z] API endpoint: http://localhost:8081
 {"metadata":{"emulator":{"name":"firestore"},"message":"API endpoint: http://localhost:8081\n"}}
[debug] [2021-04-07T12:22:53.138Z] If you are using a library that supports the FIRESTORE_EMULATOR_HOST environment variable, run:

   export FIRESTORE_EMULATOR_HOST=localhost:8081

Dev App Server is now running.

 {"metadata":{"emulator":{"name":"firestore"},"message":"If you are using a library that supports the FIRESTORE_EMULATOR_HOST environment variable, run:\r\n\n   export FIRESTORE_EMULATOR_HOST=localhost:8081\n\nDev App Server is now running.\n\r\n"}}
[info] i  Running script: npm run test-firestore 
[debug] [2021-04-07T12:22:53.307Z] Running npm run test-firestore with environment {"ALLUSERSPROFILE":"C:\\ProgramData","APPDATA":"C:\\Users\\simeon.ramjit\\AppData\\Roaming","APPLICATION_INSIGHTS_NO_DIAGNOSTIC_CHANNEL":"true","CHROME_CRASHPAD_PIPE_NAME":"\\\\.\\pipe\\crashpad_20040_OZQXSKOISHOKFPSA","COLORTERM":"truecolor","CommonProgramFiles":"C:\\Program Files\\Common Files","CommonProgramFiles(x86)":"C:\\Program Files (x86)\\Common Files","CommonProgramW6432":"C:\\Program Files\\Common Files","COMPUTERNAME":"CRSYN53-SRAMJIT","ComSpec":"C:\\WINDOWS\\system32\\cmd.exe","DriverData":"C:\\Windows\\System32\\Drivers\\DriverData","GIT_ASKPASS":"c:\\Users\\simeon.ramjit\\AppData\\Local\\Programs\\Microsoft VS Code\\resources\\app\\extensions\\git\\dist\\askpass.sh","HOMEDRIVE":"M:","HOMEPATH":"\\","HOMESHARE":"\\\\ttaplvvm002\\Departments\\Production & Marketing Trackers","IS_FIREBASE_CLI":"true","LANG":"en_US.UTF-8","LOCALAPPDATA":"C:\\Users\\simeon.ramjit\\AppData\\Local","LOGONSERVER":"\\\\TTACLVVM003","NUMBER_OF_PROCESSORS":"8","OneDrive":"C:\\Users\\simeon.ramjit\\OneDrive","ORIGINAL_XDG_CURRENT_DESKTOP":"undefined","OS":"Windows_NT","Path":"C:\\Program Files (x86)\\Common Files\\Oracle\\Java\\javapath;C:\\ProgramData\\Oracle\\Java\\javapath;C:\\WINDOWS\\system32;C:\\WINDOWS;C:\\WINDOWS\\System32\\Wbem;C:\\WINDOWS\\System32\\WindowsPowerShell\\v1.0\\;C:\\WINDOWS\\System32\\OpenSSH\\;C:\\Program Files\\nodejs\\;C:\\Users\\simeon.ramjit\\AppData\\Local\\Programs\\Python\\Python39\\Scripts\\;C:\\Users\\simeon.ramjit\\AppData\\Local\\Programs\\Python\\Python39\\;C:\\Users\\simeon.ramjit\\AppData\\Local\\Microsoft\\WindowsApps;C:\\Users\\simeon.ramjit\\AppData\\Local\\Programs\\Microsoft VS Code\\bin;C:\\Users\\simeon.ramjit\\AppData\\Local\\Programs\\Git\\cmd;C:\\Users\\simeon.ramjit\\AppData\\Local\\Google\\Cloud SDK\\google-cloud-sdk\\bin;C:\\Users\\simeon.ramjit\\AppData\\Roaming\\npm","PATHEXT":".COM;.EXE;.BAT;.CMD;.VBS;.VBE;.JS;.JSE;.WSF;.WSH;.MSC;.CPL","PROCESSOR_ARCHITECTURE":"AMD64","PROCESSOR_IDENTIFIER":"Intel64 Family 6 Model 142 Stepping 12, GenuineIntel","PROCESSOR_LEVEL":"6","PROCESSOR_REVISION":"8e0c","ProgramData":"C:\\ProgramData","ProgramFiles":"C:\\Program Files","ProgramFiles(x86)":"C:\\Program Files (x86)","ProgramW6432":"C:\\Program Files","PROMPT":"$P$G","PSModulePath":"M:\\\\Documents\\WindowsPowerShell\\Modules;C:\\Users\\simeon.ramjit\\AppData\\Local\\Google\\Cloud SDK\\google-cloud-sdk\\platform\\PowerShell;C:\\Program Files\\WindowsPowerShell\\Modules;C:\\WINDOWS\\system32\\WindowsPowerShell\\v1.0\\Modules","PUBLIC":"C:\\Users\\Public","SESSIONNAME":"Console","SystemDrive":"C:","SystemRoot":"C:\\WINDOWS","TEMP":"C:\\Users\\SIMEON~1.RAM\\AppData\\Local\\Temp","TERM_PROGRAM":"vscode","TERM_PROGRAM_VERSION":"1.55.0","TMP":"C:\\Users\\SIMEON~1.RAM\\AppData\\Local\\Temp","USERDNSDOMAIN":"ANSAPOLYMER.COM","USERDOMAIN":"ANSAPOLYMER","USERDOMAIN_ROAMINGPROFILE":"ANSAPOLYMER","USERNAME":"simeon.ramjit","USERPROFILE":"C:\\Users\\simeon.ramjit","windir":"C:\\WINDOWS","ZES_ENABLE_SYSMAN":"1","VSCODE_GIT_IPC_HANDLE":"\\\\.\\pipe\\vscode-git-2093783459-sock","VSCODE_GIT_ASKPASS_NODE":"C:\\Users\\simeon.ramjit\\AppData\\Local\\Programs\\Microsoft VS Code\\Code.exe","VSCODE_GIT_ASKPASS_MAIN":"c:\\Users\\simeon.ramjit\\AppData\\Local\\Programs\\Microsoft VS Code\\resources\\app\\extensions\\git\\dist\\askpass-main.js","GCLOUD_PROJECT":"quickstart-js-simeon-860cc","FIRESTORE_EMULATOR_HOST":"localhost:8081","FIREBASE_FIRESTORE_EMULATOR_ADDRESS":"localhost:8081","FIREBASE_EMULATOR_HUB":"localhost:4400"}
[debug] [2021-04-07T12:22:57.023Z] Apr 07, 2021 8:22:57 AM io.gapi.emulators.netty.HttpVersionRoutingHandler channelRead
INFO: Detected non-HTTP/2 connection.
 {"metadata":{"emulator":{"name":"firestore"},"message":"Apr 07, 2021 8:22:57 AM io.gapi.emulators.netty.HttpVersionRoutingHandler channelRead\r\nINFO: Detected non-HTTP/2 connection.\r\n"}}
[debug] [2021-04-07T12:22:57.145Z] Apr 07, 2021 8:22:57 AM io.gapi.emulators.netty.HttpVersionRoutingHandler channelRead
INFO: Detected HTTP/2 connection.
 {"metadata":{"emulator":{"name":"firestore"},"message":"Apr 07, 2021 8:22:57 AM io.gapi.emulators.netty.HttpVersionRoutingHandler channelRead\r\nINFO: Detected HTTP/2 connection.\r\n"}}
[debug] [2021-04-07T12:22:57.625Z] Apr 07, 2021 8:22:57 AM io.gapi.emulators.netty.HttpVersionRoutingHandler channelRead
INFO: Detected non-HTTP/2 connection.
 {"metadata":{"emulator":{"name":"firestore"},"message":"Apr 07, 2021 8:22:57 AM io.gapi.emulators.netty.HttpVersionRoutingHandler channelRead\r\nINFO: Detected non-HTTP/2 connection.\r\n"}}
[debug] [2021-04-07T12:22:57.780Z] Apr 07, 2021 8:22:57 AM io.gapi.emulators.netty.HttpVersionRoutingHandler channelRead
INFO: Detected HTTP/2 connection.
 {"metadata":{"emulator":{"name":"firestore"},"message":"Apr 07, 2021 8:22:57 AM io.gapi.emulators.netty.HttpVersionRoutingHandler channelRead\r\nINFO: Detected HTTP/2 connection.\r\n"}}
[debug] [2021-04-07T12:22:59.682Z] Apr 07, 2021 8:22:59 AM io.gapi.emulators.netty.HttpVersionRoutingHandler channelRead
INFO: Detected non-HTTP/2 connection.
 {"metadata":{"emulator":{"name":"firestore"},"message":"Apr 07, 2021 8:22:59 AM io.gapi.emulators.netty.HttpVersionRoutingHandler channelRead\r\nINFO: Detected non-HTTP/2 connection.\r\n"}}
[debug] [2021-04-07T12:23:01.296Z] Apr 07, 2021 8:23:01 AM io.gapi.emulators.netty.HttpVersionRoutingHandler channelRead
INFO: Detected non-HTTP/2 connection.
 {"metadata":{"emulator":{"name":"firestore"},"message":"Apr 07, 2021 8:23:01 AM io.gapi.emulators.netty.HttpVersionRoutingHandler channelRead\r\nINFO: Detected non-HTTP/2 connection.\r\n"}}
[debug] [2021-04-07T12:23:01.316Z] Apr 07, 2021 8:23:01 AM io.gapi.emulators.netty.HttpVersionRoutingHandler channelRead
INFO: Detected non-HTTP/2 connection.
 {"metadata":{"emulator":{"name":"firestore"},"message":"Apr 07, 2021 8:23:01 AM io.gapi.emulators.netty.HttpVersionRoutingHandler channelRead\r\nINFO: Detected non-HTTP/2 connection.\r\n"}}
[debug] [2021-04-07T12:23:01.572Z] Apr 07, 2021 8:23:01 AM io.gapi.emulators.netty.HttpVersionRoutingHandler channelRead
INFO: Detected non-HTTP/2 connection.
 {"metadata":{"emulator":{"name":"firestore"},"message":"Apr 07, 2021 8:23:01 AM io.gapi.emulators.netty.HttpVersionRoutingHandler channelRead\r\nINFO: Detected non-HTTP/2 connection.\r\n"}}
[debug] [2021-04-07T12:23:01.713Z] Apr 07, 2021 8:23:01 AM io.gapi.emulators.netty.HttpVersionRoutingHandler channelRead
INFO: Detected non-HTTP/2 connection.
 {"metadata":{"emulator":{"name":"firestore"},"message":"Apr 07, 2021 8:23:01 AM io.gapi.emulators.netty.HttpVersionRoutingHandler channelRead\r\nINFO: Detected non-HTTP/2 connection.\r\n"}}
[debug] [2021-04-07T12:23:01.827Z] Apr 07, 2021 8:23:01 AM io.gapi.emulators.netty.HttpVersionRoutingHandler channelRead
INFO: Detected non-HTTP/2 connection.
 {"metadata":{"emulator":{"name":"firestore"},"message":"Apr 07, 2021 8:23:01 AM io.gapi.emulators.netty.HttpVersionRoutingHandler channelRead\r\nINFO: Detected non-HTTP/2 connection.\r\n"}}
[debug] [2021-04-07T12:23:03.755Z] Apr 07, 2021 8:23:03 AM io.gapi.emulators.netty.HttpVersionRoutingHandler channelRead
INFO: Detected non-HTTP/2 connection.
 {"metadata":{"emulator":{"name":"firestore"},"message":"Apr 07, 2021 8:23:03 AM io.gapi.emulators.netty.HttpVersionRoutingHandler channelRead\r\nINFO: Detected non-HTTP/2 connection.\r\n"}}
[debug] [2021-04-07T12:23:05.796Z] Apr 07, 2021 8:23:05 AM io.gapi.emulators.netty.HttpVersionRoutingHandler channelRead
INFO: Detected non-HTTP/2 connection.
 {"metadata":{"emulator":{"name":"firestore"},"message":"Apr 07, 2021 8:23:05 AM io.gapi.emulators.netty.HttpVersionRoutingHandler channelRead\r\nINFO: Detected non-HTTP/2 connection.\r\n"}}
[debug] [2021-04-07T12:23:07.836Z] Apr 07, 2021 8:23:07 AM io.gapi.emulators.netty.HttpVersionRoutingHandler channelRead
INFO: Detected non-HTTP/2 connection.
 {"metadata":{"emulator":{"name":"firestore"},"message":"Apr 07, 2021 8:23:07 AM io.gapi.emulators.netty.HttpVersionRoutingHandler channelRead\r\nINFO: Detected non-HTTP/2 connection.\r\n"}}
[debug] [2021-04-07T12:23:09.875Z] Apr 07, 2021 8:23:09 AM io.gapi.emulators.netty.HttpVersionRoutingHandler channelRead
INFO: Detected non-HTTP/2 connection.
 {"metadata":{"emulator":{"name":"firestore"},"message":"Apr 07, 2021 8:23:09 AM io.gapi.emulators.netty.HttpVersionRoutingHandler channelRead\r\nINFO: Detected non-HTTP/2 connection.\r\n"}}
[debug] [2021-04-07T12:23:11.914Z] Apr 07, 2021 8:23:11 AM io.gapi.emulators.netty.HttpVersionRoutingHandler channelRead
INFO: Detected non-HTTP/2 connection.
 {"metadata":{"emulator":{"name":"firestore"},"message":"Apr 07, 2021 8:23:11 AM io.gapi.emulators.netty.HttpVersionRoutingHandler channelRead\r\nINFO: Detected non-HTTP/2 connection.\r\n"}}
[debug] [2021-04-07T12:23:11.973Z] Apr 07, 2021 8:23:11 AM io.netty.channel.DefaultChannelPipeline onUnhandledInboundException
WARNING: An exceptionCaught() event was fired, and it reached at the tail of the pipeline. It usually means the last handler in the pipeline did not handle the exception.
java.io.IOException: An existing connection was forcibly closed by the remote host
	at sun.nio.ch.SocketDispatcher.read0(Native Method)
	at sun.nio.ch.SocketDispatcher.read(Unknown Source)
	at sun.nio.ch.IOUtil.readIntoNativeBuffer(Unknown Source)
	at sun.nio.ch.IOUtil.read(Unknown Source)
	at sun.nio.ch.SocketChannelImpl.read(Unknown Source)
	at io.netty.buffer.PooledByteBuf.setBytes(PooledByteBuf.java:253)
	at io.netty.buffer.AbstractByteBuf.writeBytes(AbstractByteBuf.java:1133)
	at io.netty.channel.socket.nio.NioSocketChannel.doReadBytes(NioSocketChannel.java:350)
	at io.netty.channel.nio.AbstractNioByteChannel$NioByteUnsafe.read(AbstractNioByteChannel.java:151)
	at io.netty.channel.nio.NioEventLoop.processSelectedKey(NioEventLoop.java:714)
	at io.netty.channel.nio.NioEventLoop.processSelectedKeysOptimized(NioEventLoop.java:650)
	at io.netty.channel.nio.NioEventLoop.processSelectedKeys(NioEventLoop.java:576)
	at io.netty.channel.nio.NioEventLoop.run(NioEventLoop.java:493)
	at io.netty.util.concurrent.SingleThreadEventExecutor$4.run(SingleThreadEventExecutor.java:989)
	at io.netty.util.internal.ThreadExecutorMap$2.run(ThreadExecutorMap.java:74)
	at io.netty.util.concurrent.FastThreadLocalRunnable.run(FastThreadLocalRunnable.java:30)
	at java.lang.Thread.run(Unknown Source)

 {"metadata":{"emulator":{"name":"firestore"},"message":"Apr 07, 2021 8:23:11 AM io.netty.channel.DefaultChannelPipeline onUnhandledInboundException\r\nWARNING: An exceptionCaught() event was fired, and it reached at the tail of the pipeline. It usually means the last handler in the pipeline did not handle the exception.\r\njava.io.IOException: An existing connection was forcibly closed by the remote host\r\n\tat sun.nio.ch.SocketDispatcher.read0(Native Method)\r\n\tat sun.nio.ch.SocketDispatcher.read(Unknown Source)\r\n\tat sun.nio.ch.IOUtil.readIntoNativeBuffer(Unknown Source)\r\n\tat sun.nio.ch.IOUtil.read(Unknown Source)\r\n\tat sun.nio.ch.SocketChannelImpl.read(Unknown Source)\r\n\tat io.netty.buffer.PooledByteBuf.setBytes(PooledByteBuf.java:253)\r\n\tat io.netty.buffer.AbstractByteBuf.writeBytes(AbstractByteBuf.java:1133)\r\n\tat io.netty.channel.socket.nio.NioSocketChannel.doReadBytes(NioSocketChannel.java:350)\r\n\tat io.netty.channel.nio.AbstractNioByteChannel$NioByteUnsafe.read(AbstractNioByteChannel.java:151)\r\n\tat io.netty.channel.nio.NioEventLoop.processSelectedKey(NioEventLoop.java:714)\r\n\tat io.netty.channel.nio.NioEventLoop.processSelectedKeysOptimized(NioEventLoop.java:650)\r\n\tat io.netty.channel.nio.NioEventLoop.processSelectedKeys(NioEventLoop.java:576)\r\n\tat io.netty.channel.nio.NioEventLoop.run(NioEventLoop.java:493)\r\n\tat io.netty.util.concurrent.SingleThreadEventExecutor$4.run(SingleThreadEventExecutor.java:989)\r\n\tat io.netty.util.internal.ThreadExecutorMap$2.run(ThreadExecutorMap.java:74)\r\n\tat io.netty.util.concurrent.FastThreadLocalRunnable.run(FastThreadLocalRunnable.java:30)\r\n\tat java.lang.Thread.run(Unknown Source)\r\n\r\n"}}
[debug] [2021-04-07T12:23:11.974Z] Apr 07, 2021 8:23:11 AM io.netty.channel.DefaultChannelPipeline onUnhandledInboundException
WARNING: An exceptionCaught() event was fired, and it reached at the tail of the pipeline. It usually means the last handler in the pipeline did not handle the exception.
java.io.IOException: An existing connection was forcibly closed by the remote host
	at sun.nio.ch.SocketDispatcher.read0(Native Method)
	at sun.nio.ch.SocketDispatcher.read(Unknown Source)
	at sun.nio.ch.IOUtil.readIntoNativeBuffer(Unknown Source)
	at sun.nio.ch.IOUtil.read(Unknown Source)
	at sun.nio.ch.SocketChannelImpl.read(Unknown Source)
	at io.netty.buffer.PooledByteBuf.setBytes(PooledByteBuf.java:253)
	at io.netty.buffer.AbstractByteBuf.writeBytes(AbstractByteBuf.java:1133)
	at io.netty.channel.socket.nio.NioSocketChannel.doReadBytes(NioSocketChannel.java:350)
	at io.netty.channel.nio.AbstractNioByteChannel$NioByteUnsafe.read(AbstractNioByteChannel.java:151)
	at io.netty.channel.nio.NioEventLoop.processSelectedKey(NioEventLoop.java:714)
	at io.netty.channel.nio.NioEventLoop.processSelectedKeysOptimized(NioEventLoop.java:650)
	at io.netty.channel.nio.NioEventLoop.processSelectedKeys(NioEventLoop.java:576)
	at io.netty.channel.nio.NioEventLoop.run(NioEventLoop.java:493)
	at io.netty.util.concurrent.SingleThreadEventExecutor$4.run(SingleThreadEventExecutor.java:989)
	at io.netty.util.internal.ThreadExecutorMap$2.run(ThreadExecutorMap.java:74)
	at io.netty.util.concurrent.FastThreadLocalRunnable.run(FastThreadLocalRunnable.java:30)
	at java.lang.Thread.run(Unknown Source)

 {"metadata":{"emulator":{"name":"firestore"},"message":"Apr 07, 2021 8:23:11 AM io.netty.channel.DefaultChannelPipeline onUnhandledInboundException\r\nWARNING: An exceptionCaught() event was fired, and it reached at the tail of the pipeline. It usually means the last handler in the pipeline did not handle the exception.\r\njava.io.IOException: An existing connection was forcibly closed by the remote host\r\n\tat sun.nio.ch.SocketDispatcher.read0(Native Method)\r\n\tat sun.nio.ch.SocketDispatcher.read(Unknown Source)\r\n\tat sun.nio.ch.IOUtil.readIntoNativeBuffer(Unknown Source)\r\n\tat sun.nio.ch.IOUtil.read(Unknown Source)\r\n\tat sun.nio.ch.SocketChannelImpl.read(Unknown Source)\r\n\tat io.netty.buffer.PooledByteBuf.setBytes(PooledByteBuf.java:253)\r\n\tat io.netty.buffer.AbstractByteBuf.writeBytes(AbstractByteBuf.java:1133)\r\n\tat io.netty.channel.socket.nio.NioSocketChannel.doReadBytes(NioSocketChannel.java:350)\r\n\tat io.netty.channel.nio.AbstractNioByteChannel$NioByteUnsafe.read(AbstractNioByteChannel.java:151)\r\n\tat io.netty.channel.nio.NioEventLoop.processSelectedKey(NioEventLoop.java:714)\r\n\tat io.netty.channel.nio.NioEventLoop.processSelectedKeysOptimized(NioEventLoop.java:650)\r\n\tat io.netty.channel.nio.NioEventLoop.processSelectedKeys(NioEventLoop.java:576)\r\n\tat io.netty.channel.nio.NioEventLoop.run(NioEventLoop.java:493)\r\n\tat io.netty.util.concurrent.SingleThreadEventExecutor$4.run(SingleThreadEventExecutor.java:989)\r\n\tat io.netty.util.internal.ThreadExecutorMap$2.run(ThreadExecutorMap.java:74)\r\n\tat io.netty.util.concurrent.FastThreadLocalRunnable.run(FastThreadLocalRunnable.java:30)\r\n\tat java.lang.Thread.run(Unknown Source)\r\n\r\n"}}
[warn] !  Script exited unsuccessfully (code 7) 
[info] i  emulators: Shutting down emulators. {"metadata":{"emulator":{"name":"hub"},"message":"Shutting down emulators."}}
[info] i  firestore: Stopping Firestore Emulator {"metadata":{"emulator":{"name":"firestore"},"message":"Stopping Firestore Emulator"}}
[warn] !  Firestore Emulator has exited upon receiving signal: SIGINT 
[info] i  hub: Stopping emulator hub {"metadata":{"emulator":{"name":"hub"},"message":"Stopping emulator hub"}}
[error] 
[error] Error: Script "npm run test-firestore" exited with code 7
